{
  "0 debug pnpm:scope": {
    "selected": 1
  },
  "1 debug pnpm:package-manifest": {
    "initial": {
      "name": "tw-classed",
      "version": "1.0.0",
      "description": "Monorepo for tw classed",
      "main": "index.js",
      "scripts": {
        "test": "echo \"Error: no test specified\" && exit 1"
      },
      "repository": {
        "type": "git",
        "url": "git+https://github.com/sannajammeh/tw-classed.git"
      },
      "keywords": [],
      "author": "Sanna Jammeh",
      "license": "ISC",
      "bugs": {
        "url": "https://github.com/sannajammeh/tw-classed/issues"
      },
      "homepage": "https://github.com/sannajammeh/tw-classed#readme"
    },
    "prefix": "/Users/sannajammeh/code/personal/tw-classed"
  },
  "2 debug pnpm:context": {
    "currentLockfileExists": false,
    "storeDir": "/Users/sannajammeh/Library/pnpm/store/v3",
    "virtualStoreDir": "/Users/sannajammeh/code/personal/tw-classed/node_modules/.pnpm"
  },
  "3 debug pnpm:stage": {
    "prefix": "/Users/sannajammeh/code/personal/tw-classed",
    "stage": "resolution_started"
  },
  "4 debug pnpm:update-check": {
    "currentVersion": "7.1.6",
    "latestVersion": "7.1.7"
  },
  "5 error pnpm": {
    "code": "ERR_PNPM_FETCH_404",
    "hint": "turboclear is not in the npm registry, or you have no permission to fetch it.\n\nAn authorization header was used: Bearer npm_[hidden]",
    "request": {
      "authHeaderValue": "Bearer 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",
      "url": "https://registry.npmjs.org/turboclear"
    },
    "response": {
      "size": 0
    },
    "pkgName": "turboclear",
    "spec": {
      "fetchSpec": "latest",
      "name": "turboclear",
      "type": "tag"
    },
    "pkgsStack": [],
    "err": {
      "name": "pnpm",
      "message": "GET https://registry.npmjs.org/turboclear: Not Found - 404",
      "code": "ERR_PNPM_FETCH_404",
      "stack": "pnpm: GET https://registry.npmjs.org/turboclear: Not Found - 404\n    at RetryOperation._fn (/Users/sannajammeh/Library/pnpm/global/5/.pnpm/pnpm@7.1.6/node_modules/pnpm/dist/pnpm.cjs:84475:19)\n    at processTicksAndRejections (node:internal/process/task_queues:96:5)"
    }
  }
}